2018-08-08 15:26:09 Error: [MissingControllerException] Controller class PostsController could not be found.
Exception Attributes: array (
  'class' => 'PostsController',
  'plugin' => NULL,
)
Request URL: /posts/index
Stack Trace:
#0 /var/www/blog/app/webroot/index.php(118): Dispatcher->dispatch(Object(CakeRequest), Object(CakeResponse))
#1 {main}
2018-08-08 15:34:33 Error: [MissingControllerException] Controller class IndexController could not be found.
Exception Attributes: array (
  'class' => 'IndexController',
  'plugin' => NULL,
)
Request URL: /index
Stack Trace:
#0 /var/www/blog/app/webroot/index.php(118): Dispatcher->dispatch(Object(CakeRequest), Object(CakeResponse))
#1 {main}
2018-08-08 15:34:42 Error: [MissingControllerException] Controller class IndexController could not be found.
Exception Attributes: array (
  'class' => 'IndexController',
  'plugin' => NULL,
)
Request URL: /index
Stack Trace:
#0 /var/www/blog/app/webroot/index.php(118): Dispatcher->dispatch(Object(CakeRequest), Object(CakeResponse))
#1 {main}
2018-08-08 15:34:45 Error: [MissingControllerException] Controller class PostsController could not be found.
Exception Attributes: array (
  'class' => 'PostsController',
  'plugin' => NULL,
)
Request URL: /posts/index
Stack Trace:
#0 /var/www/blog/app/webroot/index.php(118): Dispatcher->dispatch(Object(CakeRequest), Object(CakeResponse))
#1 {main}
2018-08-08 15:34:48 Error: [MissingControllerException] Controller class PostsController could not be found.
Exception Attributes: array (
  'class' => 'PostsController',
  'plugin' => NULL,
)
Request URL: /posts/index
Stack Trace:
#0 /var/www/blog/app/webroot/index.php(118): Dispatcher->dispatch(Object(CakeRequest), Object(CakeResponse))
#1 {main}
2018-08-08 15:34:57 Error: [MissingControllerException] Controller class PostsController could not be found.
Exception Attributes: array (
  'class' => 'PostsController',
  'plugin' => NULL,
)
Request URL: /posts/index
Stack Trace:
#0 /var/www/blog/app/webroot/index.php(118): Dispatcher->dispatch(Object(CakeRequest), Object(CakeResponse))
#1 {main}
2018-08-08 16:04:06 Error: [MissingControllerException] Controller class PostsController could not be found.
Exception Attributes: array (
  'class' => 'PostsController',
  'plugin' => NULL,
)
Request URL: /posts/index
Stack Trace:
#0 /var/www/blog/app/webroot/index.php(118): Dispatcher->dispatch(Object(CakeRequest), Object(CakeResponse))
#1 {main}
2018-08-08 16:04:10 Error: [MissingControllerException] Controller class PostsController could not be found.
Exception Attributes: array (
  'class' => 'PostsController',
  'plugin' => NULL,
)
Request URL: /posts/index
Stack Trace:
#0 /var/www/blog/app/webroot/index.php(118): Dispatcher->dispatch(Object(CakeRequest), Object(CakeResponse))
#1 {main}
2018-08-08 16:04:11 Error: [MissingControllerException] Controller class PostsController could not be found.
Exception Attributes: array (
  'class' => 'PostsController',
  'plugin' => NULL,
)
Request URL: /posts/
Stack Trace:
#0 /var/www/blog/app/webroot/index.php(118): Dispatcher->dispatch(Object(CakeRequest), Object(CakeResponse))
#1 {main}
2018-08-08 16:04:14 Error: [MissingControllerException] Controller class PostsController could not be found.
Exception Attributes: array (
  'class' => 'PostsController',
  'plugin' => NULL,
)
Request URL: /posts/
Stack Trace:
#0 /var/www/blog/app/webroot/index.php(118): Dispatcher->dispatch(Object(CakeRequest), Object(CakeResponse))
#1 {main}
2018-08-08 16:04:17 Error: [MissingControllerException] Controller class PostsController could not be found.
Exception Attributes: array (
  'class' => 'PostsController',
  'plugin' => NULL,
)
Request URL: /posts/
Stack Trace:
#0 /var/www/blog/app/webroot/index.php(118): Dispatcher->dispatch(Object(CakeRequest), Object(CakeResponse))
#1 {main}
2018-08-08 16:04:17 Error: [MissingControllerException] Controller class PostsController could not be found.
Exception Attributes: array (
  'class' => 'PostsController',
  'plugin' => NULL,
)
Request URL: /posts/index
Stack Trace:
#0 /var/www/blog/app/webroot/index.php(118): Dispatcher->dispatch(Object(CakeRequest), Object(CakeResponse))
#1 {main}
2018-08-08 16:04:41 Error: [MissingControllerException] Controller class PostsController could not be found.
Exception Attributes: array (
  'class' => 'PostsController',
  'plugin' => NULL,
)
Request URL: /posts/index
Stack Trace:
#0 /var/www/blog/app/webroot/index.php(118): Dispatcher->dispatch(Object(CakeRequest), Object(CakeResponse))
#1 {main}
2018-08-08 16:04:43 Error: [MissingControllerException] Controller class PostsController could not be found.
Exception Attributes: array (
  'class' => 'PostsController',
  'plugin' => NULL,
)
Request URL: /posts/index
Stack Trace:
#0 /var/www/blog/app/webroot/index.php(118): Dispatcher->dispatch(Object(CakeRequest), Object(CakeResponse))
#1 {main}
2018-08-08 16:04:44 Error: [MissingControllerException] Controller class PostsController could not be found.
Exception Attributes: array (
  'class' => 'PostsController',
  'plugin' => NULL,
)
Request URL: /posts/
Stack Trace:
#0 /var/www/blog/app/webroot/index.php(118): Dispatcher->dispatch(Object(CakeRequest), Object(CakeResponse))
#1 {main}
2018-08-08 16:04:46 Error: [MissingControllerException] Controller class PostsController could not be found.
Exception Attributes: array (
  'class' => 'PostsController',
  'plugin' => NULL,
)
Request URL: /posts/index
Stack Trace:
#0 /var/www/blog/app/webroot/index.php(118): Dispatcher->dispatch(Object(CakeRequest), Object(CakeResponse))
#1 {main}
2018-08-08 16:08:20 Error: Fatal Error (4): syntax error, unexpected 'posts' (T_STRING), expecting ')' in [/var/www/blog/app/View/Posts/index.ctp, line 18]
2018-08-08 16:08:20 Error: [FatalErrorException] syntax error, unexpected 'posts' (T_STRING), expecting ')'
Request URL: /posts/index
Stack Trace:
#0 /var/www/blog/lib/Cake/Error/ErrorHandler.php(212): ErrorHandler::handleFatalError(4, 'syntax error, u...', '/var/www/blog/a...', 18)
#1 [internal function]: ErrorHandler::handleError(4, 'syntax error, u...', '/var/www/blog/a...', 18, Array)
#2 /var/www/blog/lib/Cake/Core/App.php(970): call_user_func('ErrorHandler::h...', 4, 'syntax error, u...', '/var/www/blog/a...', 18, Array)
#3 /var/www/blog/lib/Cake/Core/App.php(943): App::_checkFatalError()
#4 [internal function]: App::shutdown()
#5 {main}
2018-08-08 16:12:31 Error: [MissingActionException] Action PostsController::view() could not be found.
Exception Attributes: array (
  'controller' => 'PostsController',
  'action' => 'view',
)
Request URL: /posts/view/1
Stack Trace:
#0 /var/www/blog/lib/Cake/Routing/Dispatcher.php(193): Controller->invokeAction(Object(CakeRequest))
#1 /var/www/blog/lib/Cake/Routing/Dispatcher.php(167): Dispatcher->_invoke(Object(PostsController), Object(CakeRequest))
#2 /var/www/blog/app/webroot/index.php(118): Dispatcher->dispatch(Object(CakeRequest), Object(CakeResponse))
#3 {main}
2018-08-08 16:12:43 Error: [MissingActionException] Action PostsController::view() could not be found.
Exception Attributes: array (
  'controller' => 'PostsController',
  'action' => 'view',
)
Request URL: /posts/view/2
Stack Trace:
#0 /var/www/blog/lib/Cake/Routing/Dispatcher.php(193): Controller->invokeAction(Object(CakeRequest))
#1 /var/www/blog/lib/Cake/Routing/Dispatcher.php(167): Dispatcher->_invoke(Object(PostsController), Object(CakeRequest))
#2 /var/www/blog/app/webroot/index.php(118): Dispatcher->dispatch(Object(CakeRequest), Object(CakeResponse))
#3 {main}
2018-08-08 16:45:01 Error: [MissingActionException] Action PostsController::view() could not be found.
Exception Attributes: array (
  'controller' => 'PostsController',
  'action' => 'view',
)
Request URL: /posts/view/1
Stack Trace:
#0 /var/www/blog/lib/Cake/Routing/Dispatcher.php(193): Controller->invokeAction(Object(CakeRequest))
#1 /var/www/blog/lib/Cake/Routing/Dispatcher.php(167): Dispatcher->_invoke(Object(PostsController), Object(CakeRequest))
#2 /var/www/blog/app/webroot/index.php(118): Dispatcher->dispatch(Object(CakeRequest), Object(CakeResponse))
#3 {main}
2018-08-08 16:45:35 Error: [MissingViewException] View file "Posts/view.ctp" is missing.
Exception Attributes: array (
  'file' => 'Posts/view.ctp',
)
Request URL: /posts/view/1
Stack Trace:
#0 /var/www/blog/lib/Cake/View/View.php(470): View->_getViewFileName(NULL)
#1 /var/www/blog/lib/Cake/Controller/Controller.php(963): View->render(NULL, NULL)
#2 /var/www/blog/lib/Cake/Routing/Dispatcher.php(200): Controller->render()
#3 /var/www/blog/lib/Cake/Routing/Dispatcher.php(167): Dispatcher->_invoke(Object(PostsController), Object(CakeRequest))
#4 /var/www/blog/app/webroot/index.php(118): Dispatcher->dispatch(Object(CakeRequest), Object(CakeResponse))
#5 {main}
2018-08-08 16:45:57 Error: [MissingViewException] View file "Posts/view.ctp" is missing.
Exception Attributes: array (
  'file' => 'Posts/view.ctp',
)
Request URL: /posts/view/2
Stack Trace:
#0 /var/www/blog/lib/Cake/View/View.php(470): View->_getViewFileName(NULL)
#1 /var/www/blog/lib/Cake/Controller/Controller.php(963): View->render(NULL, NULL)
#2 /var/www/blog/lib/Cake/Routing/Dispatcher.php(200): Controller->render()
#3 /var/www/blog/lib/Cake/Routing/Dispatcher.php(167): Dispatcher->_invoke(Object(PostsController), Object(CakeRequest))
#4 /var/www/blog/app/webroot/index.php(118): Dispatcher->dispatch(Object(CakeRequest), Object(CakeResponse))
#5 {main}
